=== Step 2 — Core MR Execution ===
Date: 2026-04-23 11:42:35.244095


============================================================
GENE: TSHR (mode: wald, P<5e-08)
============================================================
→ Extracting IVs from eqtl-a-ENSG00000165409
  1 IVs retained (F≥10, min F = 176.5)

  Outcome: Graves disease [Primary]
    SNPs post-harmonise: 1
      [Wald ratio               ] n=1  β=-1.4079 (SE=0.1816)  P=9.118e-15

  Outcome: Hyperthyroidism [Replication]
    SNPs post-harmonise: 1
      [Wald ratio               ] n=1  β=-0.0124 (SE=0.0011)  P=1.074e-27

  Outcome: FinnGen Graves ophthalmopathy [Sensitivity]
    [SKIP] No outcome data

============================================================
GENE: IGF1R (mode: full, P<5e-08)
============================================================
→ Extracting IVs from eqtl-a-ENSG00000140443
  10 IVs retained (F≥10, min F = 33.0)

  Outcome: Graves disease [Primary]
    SNPs post-harmonise: 10
      [Inverse variance weighted] n=10  β=+0.2001 (SE=0.1176)  P=8.892e-02
      [MR Egger                 ] n=10  β=+0.3120 (SE=0.2350)  P=2.209e-01
      [Weighted median          ] n=10  β=+0.2566 (SE=0.1574)  P=1.030e-01
      [Weighted mode            ] n=10  β=+0.2565 (SE=0.5016)  P=6.214e-01
      [Simple mode              ] n=10  β=+0.2867 (SE=0.3742)  P=4.632e-01
    Running MR-PRESSO...
      Global P=6.900e-01 | Outliers: 0 | Raw β=+0.2001 | Corrected β=NA

  Outcome: Hyperthyroidism [Replication]
    SNPs post-harmonise: 10
      [Inverse variance weighted] n=10  β=+0.0012 (SE=0.0007)  P=9.398e-02
      [MR Egger                 ] n=10  β=+0.0014 (SE=0.0014)  P=3.585e-01
      [Weighted median          ] n=10  β=+0.0020 (SE=0.0007)  P=4.625e-03
      [Weighted mode            ] n=10  β=+0.0019 (SE=0.0032)  P=5.775e-01
      [Simple mode              ] n=10  β=+0.0015 (SE=0.0030)  P=6.225e-01
    Running MR-PRESSO...
      Global P=1.140e-01 | Outliers: 0 | Raw β=+0.0012 | Corrected β=NA

  Outcome: FinnGen Graves ophthalmopathy [Sensitivity]
    [SKIP] No outcome data

============================================================
GENE: TNF (mode: no_presso, P<5e-08)
============================================================
→ Extracting IVs from eqtl-a-ENSG00000232810
  3 IVs retained (F≥10, min F = 29.7)

  Outcome: Graves disease [Primary]
    SNPs post-harmonise: 2
      [Inverse variance weighted] n=2  β=+2.4505 (SE=1.8303)  P=1.806e-01

  Outcome: Hyperthyroidism [Replication]
    SNPs post-harmonise: 3
      [Inverse variance weighted] n=3  β=-0.0044 (SE=0.0009)  P=2.969e-06
      [MR Egger                 ] n=3  β=-0.0050 (SE=0.0035)  P=3.859e-01
      [Weighted median          ] n=3  β=-0.0045 (SE=0.0007)  P=7.974e-12
      [Weighted mode            ] n=3  β=-0.0046 (SE=0.0030)  P=2.683e-01

  Outcome: FinnGen Graves ophthalmopathy [Sensitivity]
    [SKIP] No outcome data

============================================================
GENE: PPARG (mode: no_presso, P<5e-06)
============================================================
→ Extracting IVs from eqtl-a-ENSG00000132170
  4 IVs retained (F≥10, min F = 21.9)

  Outcome: Graves disease [Primary]
    SNPs post-harmonise: 3
      [Inverse variance weighted] n=3  β=-0.0972 (SE=0.1020)  P=3.409e-01
      [MR Egger                 ] n=3  β=-0.1638 (SE=0.2326)  P=6.094e-01
      [Weighted median          ] n=3  β=-0.1114 (SE=0.0972)  P=2.514e-01
      [Weighted mode            ] n=3  β=-0.1085 (SE=0.2712)  P=7.277e-01

  Outcome: Hyperthyroidism [Replication]
    SNPs post-harmonise: 3
      [Inverse variance weighted] n=3  β=-0.0002 (SE=0.0005)  P=7.424e-01
      [MR Egger                 ] n=3  β=-0.0004 (SE=0.0008)  P=7.347e-01
      [Weighted median          ] n=3  β=-0.0002 (SE=0.0005)  P=7.192e-01
      [Weighted mode            ] n=3  β=-0.0002 (SE=0.0012)  P=8.934e-01

  Outcome: FinnGen Graves ophthalmopathy [Sensitivity]
    [SKIP] No outcome data

============================================================
GENE: ARRB1 (mode: full, P<5e-08)
============================================================
→ Extracting IVs from eqtl-a-ENSG00000137486
  6 IVs retained (F≥10, min F = 31.9)

  Outcome: Graves disease [Primary]
    SNPs post-harmonise: 5
      [Inverse variance weighted] n=5  β=-0.1767 (SE=0.1242)  P=1.550e-01
      [MR Egger                 ] n=5  β=-0.3143 (SE=0.1946)  P=2.047e-01
      [Weighted median          ] n=5  β=-0.2219 (SE=0.1372)  P=1.060e-01
      [Weighted mode            ] n=5  β=-0.2324 (SE=0.4088)  P=6.001e-01
      [Simple mode              ] n=5  β=-0.1940 (SE=0.2899)  P=5.401e-01
    Running MR-PRESSO...
      Global P=5.090e-01 | Outliers: 0 | Raw β=-0.1767 | Corrected β=NA

  Outcome: Hyperthyroidism [Replication]
    SNPs post-harmonise: 6
      [Inverse variance weighted] n=6  β=-0.0007 (SE=0.0006)  P=2.647e-01
      [MR Egger                 ] n=6  β=-0.0007 (SE=0.0011)  P=5.513e-01
      [Weighted median          ] n=6  β=-0.0008 (SE=0.0005)  P=1.434e-01
      [Weighted mode            ] n=6  β=-0.0010 (SE=0.0027)  P=7.180e-01
      [Simple mode              ] n=6  β=-0.0014 (SE=0.0009)  P=1.955e-01
    Running MR-PRESSO...
      Global P=2.820e-01 | Outliers: 0 | Raw β=-0.0007 | Corrected β=NA

  Outcome: FinnGen Graves ophthalmopathy [Sensitivity]
    [SKIP] No outcome data

============================================================
GENE: IRS1 (mode: no_presso, P<5e-08)
============================================================
→ Extracting IVs from eqtl-a-ENSG00000169047
  3 IVs retained (F≥10, min F = 72.2)

  Outcome: Graves disease [Primary]
    SNPs post-harmonise: 2
      [Inverse variance weighted] n=2  β=-0.1378 (SE=0.0900)  P=1.259e-01

  Outcome: Hyperthyroidism [Replication]
    SNPs post-harmonise: 3
      [Inverse variance weighted] n=3  β=-0.0001 (SE=0.0005)  P=8.959e-01
      [MR Egger                 ] n=3  β=+0.0006 (SE=0.0010)  P=6.534e-01
      [Weighted median          ] n=3  β=-0.0000 (SE=0.0005)  P=9.815e-01
      [Weighted mode            ] n=3  β=-0.0000 (SE=0.0010)  P=9.958e-01

  Outcome: FinnGen Graves ophthalmopathy [Sensitivity]
    [SKIP] No outcome data

============================================================
GENE: AKT1 (mode: no_presso, P<5e-08)
============================================================
→ Extracting IVs from eqtl-a-ENSG00000142208
  3 IVs retained (F≥10, min F = 60.8)

  Outcome: Graves disease [Primary]
    SNPs post-harmonise: 2
      [Inverse variance weighted] n=2  β=+0.0808 (SE=0.1619)  P=6.179e-01

  Outcome: Hyperthyroidism [Replication]
    SNPs post-harmonise: 3
      [Inverse variance weighted] n=3  β=-0.0001 (SE=0.0006)  P=8.130e-01
      [MR Egger                 ] n=3  β=+0.0010 (SE=0.0025)  P=7.667e-01
      [Weighted median          ] n=3  β=-0.0001 (SE=0.0005)  P=8.926e-01
      [Weighted mode            ] n=3  β=-0.0001 (SE=0.0016)  P=9.619e-01

  Outcome: FinnGen Graves ophthalmopathy [Sensitivity]
    [SKIP] No outcome data

============================================================
GENE: CTLA4 (mode: no_presso, P<5e-08)
============================================================
→ Extracting IVs from eqtl-a-ENSG00000163599
  7 IVs retained (F≥10, min F = 33.6)

  Outcome: Graves disease [Primary]
    SNPs post-harmonise: 5
      [Inverse variance weighted] n=5  β=-0.9428 (SE=0.3778)  P=1.259e-02
      [MR Egger                 ] n=5  β=-1.6233 (SE=0.8619)  P=1.562e-01
      [Weighted median          ] n=5  β=-0.8602 (SE=0.1563)  P=3.721e-08
      [Weighted mode            ] n=5  β=-0.9798 (SE=1.0223)  P=3.921e-01
      [Simple mode              ] n=5  β=-0.3441 (SE=1.0315)  P=7.555e-01

  Outcome: Hyperthyroidism [Replication]
    SNPs post-harmonise: 7
      [Inverse variance weighted] n=7  β=-0.0006 (SE=0.0052)  P=9.068e-01
      [MR Egger                 ] n=7  β=-0.0182 (SE=0.0096)  P=1.149e-01
      [Weighted median          ] n=7  β=-0.0045 (SE=0.0012)  P=1.236e-04
      [Weighted mode            ] n=7  β=-0.0064 (SE=0.0107)  P=5.719e-01
      [Simple mode              ] n=7  β=-0.0000 (SE=0.0021)  P=9.891e-01

  Outcome: FinnGen Graves ophthalmopathy [Sensitivity]
    [SKIP] No outcome data


=== Consolidating results ===
  MR main: 55 rows
  Sensitivity: 16 rows
  Wald per-SNP: 23 rows
  MR-PRESSO: 4 rows


============================================================
PRIMARY ENDPOINT RESULTS (Graves disease)
============================================================
  gene                    method nsnp       b     se     pval
  TSHR                Wald ratio    1 -1.4079 0.1816 9.12e-15
 IGF1R Inverse variance weighted   10  0.2001 0.1176 8.89e-02
 IGF1R                  MR Egger   10  0.3120 0.2350 2.21e-01
 IGF1R           Weighted median   10  0.2566 0.1574 1.03e-01
 IGF1R             Weighted mode   10  0.2565 0.5016 6.21e-01
 IGF1R               Simple mode   10  0.2867 0.3742 4.63e-01
